
> side-project-cms@0.1.0 dev /Users/linjiamin/Documents/GitHub/side-project-cms
> next dev --turbopack

   ▲ Next.js 15.3.5 (Turbopack)
   - Local:        http://localhost:3000
   - Network:      http://192.168.68.52:3000
   - Environments: .env.local

 ✓ Starting...
 ✓ Compiled middleware in 297ms
 ✓ Ready in 1628ms
[MW] Incoming request { path: '/' }
[MW] supabase.auth.getUser() { id: 'b3784938-5772-417f-b65c-5b83c73fc17c' }
[MW] Roles [ 'customer' ]
[MW] Pass through { path: '/' }
 ○ Compiling / ...
 ✓ Compiled / in 2.7s
[MW] Incoming request { path: '/' }
[MW] supabase.auth.getUser() null
[MW] Pass through { path: '/' }
(node:80923) Warning: `--localstorage-file` was provided without a valid path
(Use `node --trace-warnings ...` to show where the warning was created)
 ⨯ [TypeError: localStorage.getItem is not a function] {
  digest: '3827448740'
}
[TypeError: localStorage.getItem is not a function]
 ⨯ [TypeError: localStorage.getItem is not a function] { page: '/' }
 ⨯ [TypeError: localStorage.getItem is not a function] {
  digest: '3827448740'
}
[TypeError: localStorage.getItem is not a function]
 ⨯ [TypeError: localStorage.getItem is not a function] { page: '/' }
 ○ Compiling /_error ...
 ✓ Compiled /_error in 1049ms
[TypeError: localStorage.getItem is not a function]
[TypeError: localStorage.getItem is not a function]
 ⨯ [TypeError: localStorage.getItem is not a function]
 ⨯ [TypeError: localStorage.getItem is not a function]
[TypeError: localStorage.getItem is not a function]
 ⨯ unhandledRejection: [TypeError: localStorage.getItem is not a function]
 ⨯ unhandledRejection:  [TypeError: localStorage.getItem is not a function]
[TypeError: localStorage.getItem is not a function]
[TypeError: localStorage.getItem is not a function]
 ⨯ [TypeError: localStorage.getItem is not a function]
 ⨯ [TypeError: localStorage.getItem is not a function]
[TypeError: localStorage.getItem is not a function]
 ⨯ unhandledRejection: [TypeError: localStorage.getItem is not a function]
 ⨯ unhandledRejection:  [TypeError: localStorage.getItem is not a function]
[TypeError: localStorage.getItem is not a function]
[TypeError: localStorage.getItem is not a function]
 ⨯ [TypeError: localStorage.getItem is not a function]
[TypeError: localStorage.getItem is not a function] { page: '/' }
[TypeError: localStorage.getItem is not a function]
 ⨯ unhandledRejection: [TypeError: localStorage.getItem is not a function]
 ⨯ unhandledRejection:  [TypeError: localStorage.getItem is not a function]
[TypeError: localStorage.getItem is not a function]
[TypeError: localStorage.getItem is not a function]
 ⨯ [TypeError: localStorage.getItem is not a function]
[TypeError: localStorage.getItem is not a function] { page: '/' }
[TypeError: localStorage.getItem is not a function]
 ⨯ unhandledRejection: [TypeError: localStorage.getItem is not a function]
 ⨯ unhandledRejection:  [TypeError: localStorage.getItem is not a function]
 GET / 500 in 1510ms
 GET / 500 in 37ms
 GET / 500 in 5016ms
 GET / 500 in 184ms
